CRITICAL - 2022-02-25 04:03:16 --> syntax error, unexpected ';', expecting ']'
#0 C:\xampp\htdocs\proyectoCI\codeigniter\system\Autoloader\Autoloader.php(241): CodeIgniter\Autoloader\Autoloader->includeFile('C:\\xampp\\htdocs...')
#1 C:\xampp\htdocs\proyectoCI\codeigniter\system\Autoloader\Autoloader.php(219): CodeIgniter\Autoloader\Autoloader->loadInNamespace('App\\Controllers...')
#2 [internal function]: CodeIgniter\Autoloader\Autoloader->loadClass('App\\Controllers...')
#3 [internal function]: spl_autoload_call('App\\Controllers...')
#4 C:\xampp\htdocs\proyectoCI\codeigniter\system\CodeIgniter.php(790): class_exists('\\App\\Controller...', true)
#5 C:\xampp\htdocs\proyectoCI\codeigniter\system\CodeIgniter.php(399): CodeIgniter\CodeIgniter->startController()
#6 C:\xampp\htdocs\proyectoCI\codeigniter\system\CodeIgniter.php(320): CodeIgniter\CodeIgniter->handleRequest(NULL, Object(Config\Cache), false)
#7 C:\xampp\htdocs\proyectoCI\codeigniter\public\index.php(37): CodeIgniter\CodeIgniter->run()
#8 {main}
CRITICAL - 2022-02-25 04:03:27 --> syntax error, unexpected ';', expecting ']'
#0 C:\xampp\htdocs\proyectoCI\codeigniter\system\Autoloader\Autoloader.php(241): CodeIgniter\Autoloader\Autoloader->includeFile('C:\\xampp\\htdocs...')
#1 C:\xampp\htdocs\proyectoCI\codeigniter\system\Autoloader\Autoloader.php(219): CodeIgniter\Autoloader\Autoloader->loadInNamespace('App\\Controllers...')
#2 [internal function]: CodeIgniter\Autoloader\Autoloader->loadClass('App\\Controllers...')
#3 [internal function]: spl_autoload_call('App\\Controllers...')
#4 C:\xampp\htdocs\proyectoCI\codeigniter\system\CodeIgniter.php(790): class_exists('\\App\\Controller...', true)
#5 C:\xampp\htdocs\proyectoCI\codeigniter\system\CodeIgniter.php(399): CodeIgniter\CodeIgniter->startController()
#6 C:\xampp\htdocs\proyectoCI\codeigniter\system\CodeIgniter.php(320): CodeIgniter\CodeIgniter->handleRequest(NULL, Object(Config\Cache), false)
#7 C:\xampp\htdocs\proyectoCI\codeigniter\public\index.php(37): CodeIgniter\CodeIgniter->run()
#8 {main}
CRITICAL - 2022-02-25 04:04:03 --> syntax error, unexpected ';', expecting ']'
#0 C:\xampp\htdocs\proyectoCI\codeigniter\system\Autoloader\Autoloader.php(241): CodeIgniter\Autoloader\Autoloader->includeFile('C:\\xampp\\htdocs...')
#1 C:\xampp\htdocs\proyectoCI\codeigniter\system\Autoloader\Autoloader.php(219): CodeIgniter\Autoloader\Autoloader->loadInNamespace('App\\Controllers...')
#2 [internal function]: CodeIgniter\Autoloader\Autoloader->loadClass('App\\Controllers...')
#3 [internal function]: spl_autoload_call('App\\Controllers...')
#4 C:\xampp\htdocs\proyectoCI\codeigniter\system\CodeIgniter.php(790): class_exists('\\App\\Controller...', true)
#5 C:\xampp\htdocs\proyectoCI\codeigniter\system\CodeIgniter.php(399): CodeIgniter\CodeIgniter->startController()
#6 C:\xampp\htdocs\proyectoCI\codeigniter\system\CodeIgniter.php(320): CodeIgniter\CodeIgniter->handleRequest(NULL, Object(Config\Cache), false)
#7 C:\xampp\htdocs\proyectoCI\codeigniter\public\index.php(37): CodeIgniter\CodeIgniter->run()
#8 {main}
